<?xml version="1.0" encoding="UTF-8" ?>
<testsuite tests="15" failures="0" name="net.thumbtack.school.windows.v1.TestRectButton" time="0.002" errors="0" skipped="0">
  <properties>
    <property name="java.runtime.name" value="Java(TM) SE Runtime Environment"/>
    <property name="java.vm.version" value="10.0.2+13"/>
    <property name="sun.boot.library.path" value="/Library/Java/JavaVirtualMachines/jdk-10.0.2.jdk/Contents/Home/lib"/>
    <property name="gopherProxySet" value="false"/>
    <property name="maven.multiModuleProjectDirectory" value="/Users/Vladislav.Sukhetsky/IdeaProjects/thumbtack-online-school/online-school"/>
    <property name="java.vm.vendor" value="&quot;Oracle Corporation&quot;"/>
    <property name="java.vendor.url" value="http://java.oracle.com/"/>
    <property name="guice.disable.misplaced.annotation.check" value="true"/>
    <property name="path.separator" value=":"/>
    <property name="java.vm.name" value="Java HotSpot(TM) 64-Bit Server VM"/>
    <property name="file.encoding.pkg" value="sun.io"/>
    <property name="sun.os.patch.level" value="unknown"/>
    <property name="user.country" value="RU"/>
    <property name="sun.java.launcher" value="SUN_STANDARD"/>
    <property name="java.vm.specification.name" value="Java Virtual Machine Specification"/>
    <property name="user.dir" value="/Users/Vladislav.Sukhetsky/IdeaProjects/thumbtack-online-school/online-school"/>
    <property name="java.vm.compressedOopsMode" value="Zero based"/>
    <property name="java.runtime.version" value="10.0.2+13"/>
    <property name="java.awt.graphicsenv" value="sun.awt.CGraphicsEnvironment"/>
    <property name="os.arch" value="x86_64"/>
    <property name="java.io.tmpdir" value="/var/folders/sq/xyltx77n5h775yyly4tw3nwr0000gp/T/"/>
    <property name="line.separator" value="
"/>
    <property name="java.vm.specification.vendor" value="Oracle Corporation"/>
    <property name="os.name" value="Mac OS X"/>
    <property name="classworlds.conf" value="/Users/Vladislav.Sukhetsky/IdeaProjects/apache-maven-3.5.4/bin/m2.conf"/>
    <property name="sun.jnu.encoding" value="UTF-8"/>
    <property name="java.library.path" value="/Users/Vladislav.Sukhetsky/Library/Java/Extensions:/Library/Java/Extensions:/Network/Library/Java/Extensions:/System/Library/Java/Extensions:/usr/lib/java:."/>
    <property name="maven.conf" value="/Users/Vladislav.Sukhetsky/IdeaProjects/apache-maven-3.5.4/conf"/>
    <property name="jdk.debug" value="release"/>
    <property name="java.class.version" value="54.0"/>
    <property name="java.specification.name" value="Java Platform API Specification"/>
    <property name="sun.management.compiler" value="HotSpot 64-Bit Tiered Compilers"/>
    <property name="os.version" value="10.13.6"/>
    <property name="library.jansi.path" value="/Users/Vladislav.Sukhetsky/IdeaProjects/apache-maven-3.5.4/lib/jansi-native"/>
    <property name="http.nonProxyHosts" value="local|*.local|169.254/16|*.169.254/16"/>
    <property name="user.home" value="/Users/Vladislav.Sukhetsky"/>
    <property name="user.timezone" value="Europe/Moscow"/>
    <property name="java.awt.printerjob" value="sun.lwawt.macosx.CPrinterJob"/>
    <property name="file.encoding" value="UTF-8"/>
    <property name="java.specification.version" value="10"/>
    <property name="user.name" value="Vladislav.Sukhetsky"/>
    <property name="java.class.path" value="/Users/Vladislav.Sukhetsky/IdeaProjects/apache-maven-3.5.4/boot/plexus-classworlds-2.5.2.jar"/>
    <property name="java.vm.specification.version" value="10"/>
    <property name="sun.arch.data.model" value="64"/>
    <property name="sun.java.command" value="org.codehaus.plexus.classworlds.launcher.Launcher clean compile test"/>
    <property name="java.home" value="/Library/Java/JavaVirtualMachines/jdk-10.0.2.jdk/Contents/Home"/>
    <property name="user.language" value="ru"/>
    <property name="java.specification.vendor" value="Oracle Corporation"/>
    <property name="awt.toolkit" value="sun.lwawt.macosx.LWCToolkit"/>
    <property name="java.vm.info" value="mixed mode"/>
    <property name="java.version" value="10.0.2"/>
    <property name="java.vendor" value="Oracle Corporation"/>
    <property name="maven.home" value="/Users/Vladislav.Sukhetsky/IdeaProjects/apache-maven-3.5.4"/>
    <property name="file.separator" value="/"/>
    <property name="java.version.date" value="2018-07-17"/>
    <property name="java.vendor.url.bug" value="http://bugreport.java.com/bugreport/"/>
    <property name="sun.io.unicode.encoding" value="UnicodeBig"/>
    <property name="sun.cpu.endian" value="little"/>
    <property name="java.vendor.version" value="18.3"/>
    <property name="socksNonProxyHosts" value="local|*.local|169.254/16|*.169.254/16"/>
    <property name="ftp.nonProxyHosts" value="local|*.local|169.254/16|*.169.254/16"/>
    <property name="sun.cpu.isalist" value=""/>
  </properties>
  <testcase classname="net.thumbtack.school.windows.v1.TestRectButton" name="testIsPointInsideRectButton1" time="0"/>
  <testcase classname="net.thumbtack.school.windows.v1.TestRectButton" name="testIsPointInsideRectButton2" time="0"/>
  <testcase classname="net.thumbtack.school.windows.v1.TestRectButton" name="testMoveToRectButton1" time="0"/>
  <testcase classname="net.thumbtack.school.windows.v1.TestRectButton" name="testMoveToRectButton2" time="0"/>
  <testcase classname="net.thumbtack.school.windows.v1.TestRectButton" name="testResizeRectButton" time="0.001"/>
  <testcase classname="net.thumbtack.school.windows.v1.TestRectButton" name="testMoveRelRectButton" time="0"/>
  <testcase classname="net.thumbtack.school.windows.v1.TestRectButton" name="testRectButtonsAreEqual" time="0"/>
  <testcase classname="net.thumbtack.school.windows.v1.TestRectButton" name="testIsRectButtonInsideRectButton" time="0"/>
  <testcase classname="net.thumbtack.school.windows.v1.TestRectButton" name="testIsIntersectsRectButton" time="0"/>
  <testcase classname="net.thumbtack.school.windows.v1.TestRectButton" name="testIsFullyVisibleOnDesktop" time="0.001"/>
  <testcase classname="net.thumbtack.school.windows.v1.TestRectButton" name="testRectButton1" time="0"/>
  <testcase classname="net.thumbtack.school.windows.v1.TestRectButton" name="testRectButton2" time="0"/>
  <testcase classname="net.thumbtack.school.windows.v1.TestRectButton" name="testRectButton3" time="0"/>
  <testcase classname="net.thumbtack.school.windows.v1.TestRectButton" name="testRectButton4" time="0"/>
  <testcase classname="net.thumbtack.school.windows.v1.TestRectButton" name="testSetRectButton" time="0"/>
</testsuite>